# JRE version: OpenJDK Runtime Environment (8.0_152-b02) (build 1.8.0_152-release-1024-b02)
# Java VM: OpenJDK 64-Bit Server VM (25.152-b02 mixed mode windows-amd64 compressed oops)
Heap:
 PSYoungGen      total 220160K, used 57870K [0x00000000e0000000, 0x00000000f0a00000, 0x0000000100000000)
  eden space 195072K, 16% used [0x00000000e0000000,0x00000000e2003c48,0x00000000ebe80000)
  from space 25088K, 99% used [0x00000000edc00000,0x00000000ef47fc08,0x00000000ef480000)
  to   space 30208K, 0% used [0x00000000ebe80000,0x00000000ebe80000,0x00000000edc00000)
 ParOldGen       total 153600K, used 38013K [0x00000000a0000000, 0x00000000a9600000, 0x00000000e0000000)
  object space 153600K, 24% used [0x00000000a0000000,0x00000000a251f4e0,0x00000000a9600000)
 Metaspace       used 69292K, capacity 72094K, committed 72408K, reserved 1112064K
  class space    used 9240K, capacity 9884K, committed 9984K, reserved 1048576K
GC Heap History (10 events):
Event: 8.298 GC heap before
{Heap before GC invocations=11 (full 2):
 PSYoungGen      total 157696K, used 157693K [0x00000000e0000000, 0x00000000eca80000, 0x0000000100000000)
  eden space 145408K, 100% used [0x00000000e0000000,0x00000000e8e00000,0x00000000e8e00000)
  from space 12288K, 99% used [0x00000000e9c80000,0x00000000ea87f4e8,0x00000000ea880000)
  to   space 14848K, 0% used [0x00000000e8e00000,0x00000000e8e00000,0x00000000e9c80000)
 ParOldGen       total 104448K, used 21104K [0x00000000a0000000, 0x00000000a6600000, 0x00000000e0000000)
  object space 104448K, 20% used [0x00000000a0000000,0x00000000a149c018,0x00000000a6600000)
 Metaspace       used 53634K, capacity 55210K, committed 55384K, reserved 1097728K
  class space    used 7338K, capacity 7716K, committed 7808K, reserved 1048576K
Event: 8.322 GC heap after
Heap after GC invocations=11 (full 2):
 PSYoungGen      total 160256K, used 14845K [0x00000000e0000000, 0x00000000ed100000, 0x0000000100000000)
  eden space 145408K, 0% used [0x00000000e0000000,0x00000000e0000000,0x00000000e8e00000)
  from space 14848K, 99% used [0x00000000e8e00000,0x00000000e9c7f530,0x00000000e9c80000)
  to   space 19456K, 0% used [0x00000000ebe00000,0x00000000ebe00000,0x00000000ed100000)
 ParOldGen       total 104448K, used 28416K [0x00000000a0000000, 0x00000000a6600000, 0x00000000e0000000)
  object space 104448K, 27% used [0x00000000a0000000,0x00000000a1bc0150,0x00000000a6600000)
 Metaspace       used 53634K, capacity 55210K, committed 55384K, reserved 1097728K
  class space    used 7338K, capacity 7716K, committed 7808K, reserved 1048576K
}
Event: 9.269 GC heap before
{Heap before GC invocations=12 (full 2):
 PSYoungGen      total 160256K, used 57674K [0x00000000e0000000, 0x00000000ed100000, 0x0000000100000000)
  eden space 145408K, 29% used [0x00000000e0000000,0x00000000e29d3598,0x00000000e8e00000)
  from space 14848K, 99% used [0x00000000e8e00000,0x00000000e9c7f530,0x00000000e9c80000)
  to   space 19456K, 0% used [0x00000000ebe00000,0x00000000ebe00000,0x00000000ed100000)
 ParOldGen       total 104448K, used 28416K [0x00000000a0000000, 0x00000000a6600000, 0x00000000e0000000)
  object space 104448K, 27% used [0x00000000a0000000,0x00000000a1bc0150,0x00000000a6600000)
 Metaspace       used 57122K, capacity 58824K, committed 58968K, reserved 1099776K
  class space    used 7812K, capacity 8237K, committed 8320K, reserved 1048576K
Event: 9.281 GC heap after
Heap after GC invocations=12 (full 2):
 PSYoungGen      total 192512K, used 17629K [0x00000000e0000000, 0x00000000ed500000, 0x0000000100000000)
  eden space 173056K, 0% used [0x00000000e0000000,0x00000000e0000000,0x00000000ea900000)
  from space 19456K, 90% used [0x00000000ebe00000,0x00000000ecf37550,0x00000000ed100000)
  to   space 21504K, 0% used [0x00000000ea900000,0x00000000ea900000,0x00000000ebe00000)
 ParOldGen       total 104448K, used 28424K [0x00000000a0000000, 0x00000000a6600000, 0x00000000e0000000)
  object space 104448K, 27% used [0x00000000a0000000,0x00000000a1bc2150,0x00000000a6600000)
 Metaspace       used 57122K, capacity 58824K, committed 58968K, reserved 1099776K
  class space    used 7812K, capacity 8237K, committed 8320K, reserved 1048576K
}
Event: 9.281 GC heap before
{Heap before GC invocations=13 (full 3):
 PSYoungGen      total 192512K, used 17629K [0x00000000e0000000, 0x00000000ed500000, 0x0000000100000000)
  eden space 173056K, 0% used [0x00000000e0000000,0x00000000e0000000,0x00000000ea900000)
  from space 19456K, 90% used [0x00000000ebe00000,0x00000000ecf37550,0x00000000ed100000)
  to   space 21504K, 0% used [0x00000000ea900000,0x00000000ea900000,0x00000000ebe00000)
 ParOldGen       total 104448K, used 28424K [0x00000000a0000000, 0x00000000a6600000, 0x00000000e0000000)
  object space 104448K, 27% used [0x00000000a0000000,0x00000000a1bc2150,0x00000000a6600000)
 Metaspace       used 57122K, capacity 58824K, committed 58968K, reserved 1099776K
  class space    used 7812K, capacity 8237K, committed 8320K, reserved 1048576K
Event: 9.455 GC heap after
Heap after GC invocations=13 (full 3):
 PSYoungGen      total 192512K, used 0K [0x00000000e0000000, 0x00000000ed500000, 0x0000000100000000)
  eden space 173056K, 0% used [0x00000000e0000000,0x00000000e0000000,0x00000000ea900000)
  from space 19456K, 0% used [0x00000000ebe00000,0x00000000ebe00000,0x00000000ed100000)
  to   space 21504K, 0% used [0x00000000ea900000,0x00000000ea900000,0x00000000ebe00000)
 ParOldGen       total 153600K, used 32161K [0x00000000a0000000, 0x00000000a9600000, 0x00000000e0000000)
  object space 153600K, 20% used [0x00000000a0000000,0x00000000a1f684c8,0x00000000a9600000)
 Metaspace       used 57122K, capacity 58824K, committed 58968K, reserved 1099776K
  class space    used 7812K, capacity 8237K, committed 8320K, reserved 1048576K
}
Event: 16.443 GC heap before
{Heap before GC invocations=14 (full 3):
 PSYoungGen      total 192512K, used 173056K [0x00000000e0000000, 0x00000000ed500000, 0x0000000100000000)
  eden space 173056K, 100% used [0x00000000e0000000,0x00000000ea900000,0x00000000ea900000)
  from space 19456K, 0% used [0x00000000ebe00000,0x00000000ebe00000,0x00000000ed100000)
  to   space 21504K, 0% used [0x00000000ea900000,0x00000000ea900000,0x00000000ebe00000)
 ParOldGen       total 153600K, used 32161K [0x00000000a0000000, 0x00000000a9600000, 0x00000000e0000000)
  object space 153600K, 20% used [0x00000000a0000000,0x00000000a1f684c8,0x00000000a9600000)
 Metaspace       used 62536K, capacity 64518K, committed 64728K, reserved 1105920K
  class space    used 8353K, capacity 8874K, committed 8960K, reserved 1048576K
Event: 16.467 GC heap after
Heap after GC invocations=14 (full 3):
 PSYoungGen      total 194560K, used 21498K [0x00000000e0000000, 0x00000000ef480000, 0x0000000100000000)
  eden space 173056K, 0% used [0x00000000e0000000,0x00000000e0000000,0x00000000ea900000)
  from space 21504K, 99% used [0x00000000ea900000,0x00000000ebdfe838,0x00000000ebe00000)
  to   space 25088K, 0% used [0x00000000edc00000,0x00000000edc00000,0x00000000ef480000)
 ParOldGen       total 153600K, used 34178K [0x00000000a0000000, 0x00000000a9600000, 0x00000000e0000000)
  object space 153600K, 22% used [0x00000000a0000000,0x00000000a2160bd8,0x00000000a9600000)
 Metaspace       used 62536K, capacity 64518K, committed 64728K, reserved 1105920K
  class space    used 8353K, capacity 8874K, committed 8960K, reserved 1048576K
}
Event: 17.355 GC heap before
{Heap before GC invocations=15 (full 3):
 PSYoungGen      total 194560K, used 194554K [0x00000000e0000000, 0x00000000ef480000, 0x0000000100000000)
  eden space 173056K, 100% used [0x00000000e0000000,0x00000000ea900000,0x00000000ea900000)
  from space 21504K, 99% used [0x00000000ea900000,0x00000000ebdfe838,0x00000000ebe00000)
  to   space 25088K, 0% used [0x00000000edc00000,0x00000000edc00000,0x00000000ef480000)
 ParOldGen       total 153600K, used 34178K [0x00000000a0000000, 0x00000000a9600000, 0x00000000e0000000)
  object space 153600K, 22% used [0x00000000a0000000,0x00000000a2160bd8,0x00000000a9600000)
 Metaspace       used 69097K, capacity 71910K, committed 72024K, reserved 1112064K
  class space    used 9215K, capacity 9846K, committed 9856K, reserved 1048576K
Event: 17.387 GC heap after
Heap after GC invocations=15 (full 3):
 PSYoungGen      total 220160K, used 25087K [0x00000000e0000000, 0x00000000f0a00000, 0x0000000100000000)
  eden space 195072K, 0% used [0x00000000e0000000,0x00000000e0000000,0x00000000ebe80000)
  from space 25088K, 99% used [0x00000000edc00000,0x00000000ef47fc08,0x00000000ef480000)
  to   space 30208K, 0% used [0x00000000ebe80000,0x00000000ebe80000,0x00000000edc00000)
 ParOldGen       total 153600K, used 38013K [0x00000000a0000000, 0x00000000a9600000, 0x00000000e0000000)
  object space 153600K, 24% used [0x00000000a0000000,0x00000000a251f4e0,0x00000000a9600000)
 Metaspace       used 69097K, capacity 71910K, committed 72024K, reserved 1112064K
  class space    used 9215K, capacity 9846K, committed 9856K, reserved 1048576K
}

