# JRE version: OpenJDK Runtime Environment (8.0_152-b02) (build 1.8.0_152-release-1024-b02)
# Java VM: OpenJDK 64-Bit Server VM (25.152-b02 mixed mode windows-amd64 compressed oops)
Heap:
 PSYoungGen      total 194048K, used 83846K [0x00000000e0000000, 0x00000000ef380000, 0x0000000100000000)
  eden space 171520K, 48% used [0x00000000e0000000,0x00000000e51e1af0,0x00000000ea780000)
  from space 22528K, 0% used [0x00000000ea780000,0x00000000ea780000,0x00000000ebd80000)
  to   space 23552K, 0% used [0x00000000edc80000,0x00000000edc80000,0x00000000ef380000)
 ParOldGen       total 101888K, used 31788K [0x00000000a0000000, 0x00000000a6380000, 0x00000000e0000000)
  object space 101888K, 31% used [0x00000000a0000000,0x00000000a1f0b228,0x00000000a6380000)
 Metaspace       used 62511K, capacity 64240K, committed 64532K, reserved 1105920K
  class space    used 8286K, capacity 8695K, committed 8764K, reserved 1048576K
GC Heap History (10 events):
Event: 5.697 GC heap before
{Heap before GC invocations=10 (full 2):
 PSYoungGen      total 140800K, used 131072K [0x00000000e0000000, 0x00000000ea980000, 0x0000000100000000)
  eden space 131072K, 100% used [0x00000000e0000000,0x00000000e8000000,0x00000000e8000000)
  from space 9728K, 0% used [0x00000000e8000000,0x00000000e8000000,0x00000000e8980000)
  to   space 12800K, 0% used [0x00000000e9d00000,0x00000000e9d00000,0x00000000ea980000)
 ParOldGen       total 101888K, used 19169K [0x00000000a0000000, 0x00000000a6380000, 0x00000000e0000000)
  object space 101888K, 18% used [0x00000000a0000000,0x00000000a12b84a0,0x00000000a6380000)
 Metaspace       used 43105K, capacity 43980K, committed 44120K, reserved 1087488K
  class space    used 5950K, capacity 6243K, committed 6272K, reserved 1048576K
Event: 5.709 GC heap after
Heap after GC invocations=10 (full 2):
 PSYoungGen      total 158720K, used 12777K [0x00000000e0000000, 0x00000000ecd80000, 0x0000000100000000)
  eden space 145920K, 0% used [0x00000000e0000000,0x00000000e0000000,0x00000000e8e80000)
  from space 12800K, 99% used [0x00000000e9d00000,0x00000000ea97a538,0x00000000ea980000)
  to   space 14848K, 0% used [0x00000000e8e80000,0x00000000e8e80000,0x00000000e9d00000)
 ParOldGen       total 101888K, used 20701K [0x00000000a0000000, 0x00000000a6380000, 0x00000000e0000000)
  object space 101888K, 20% used [0x00000000a0000000,0x00000000a1437710,0x00000000a6380000)
 Metaspace       used 43105K, capacity 43980K, committed 44120K, reserved 1087488K
  class space    used 5950K, capacity 6243K, committed 6272K, reserved 1048576K
}
Event: 8.168 GC heap before
{Heap before GC invocations=11 (full 2):
 PSYoungGen      total 158720K, used 158697K [0x00000000e0000000, 0x00000000ecd80000, 0x0000000100000000)
  eden space 145920K, 100% used [0x00000000e0000000,0x00000000e8e80000,0x00000000e8e80000)
  from space 12800K, 99% used [0x00000000e9d00000,0x00000000ea97a538,0x00000000ea980000)
  to   space 14848K, 0% used [0x00000000e8e80000,0x00000000e8e80000,0x00000000e9d00000)
 ParOldGen       total 101888K, used 20701K [0x00000000a0000000, 0x00000000a6380000, 0x00000000e0000000)
  object space 101888K, 20% used [0x00000000a0000000,0x00000000a1437710,0x00000000a6380000)
 Metaspace       used 53609K, capacity 55178K, committed 55384K, reserved 1097728K
  class space    used 7328K, capacity 7684K, committed 7808K, reserved 1048576K
Event: 8.187 GC heap after
Heap after GC invocations=11 (full 2):
 PSYoungGen      total 160768K, used 14842K [0x00000000e0000000, 0x00000000ed380000, 0x0000000100000000)
  eden space 145920K, 0% used [0x00000000e0000000,0x00000000e0000000,0x00000000e8e80000)
  from space 14848K, 99% used [0x00000000e8e80000,0x00000000e9cfe8a0,0x00000000e9d00000)
  to   space 19968K, 0% used [0x00000000ec000000,0x00000000ec000000,0x00000000ed380000)
 ParOldGen       total 101888K, used 28326K [0x00000000a0000000, 0x00000000a6380000, 0x00000000e0000000)
  object space 101888K, 27% used [0x00000000a0000000,0x00000000a1ba99c8,0x00000000a6380000)
 Metaspace       used 53609K, capacity 55178K, committed 55384K, reserved 1097728K
  class space    used 7328K, capacity 7684K, committed 7808K, reserved 1048576K
}
Event: 22.721 GC heap before
{Heap before GC invocations=12 (full 2):
 PSYoungGen      total 160768K, used 160762K [0x00000000e0000000, 0x00000000ed380000, 0x0000000100000000)
  eden space 145920K, 100% used [0x00000000e0000000,0x00000000e8e80000,0x00000000e8e80000)
  from space 14848K, 99% used [0x00000000e8e80000,0x00000000e9cfe8a0,0x00000000e9d00000)
  to   space 19968K, 0% used [0x00000000ec000000,0x00000000ec000000,0x00000000ed380000)
 ParOldGen       total 101888K, used 28326K [0x00000000a0000000, 0x00000000a6380000, 0x00000000e0000000)
  object space 101888K, 27% used [0x00000000a0000000,0x00000000a1ba99c8,0x00000000a6380000)
 Metaspace       used 57137K, capacity 58862K, committed 59028K, reserved 1099776K
  class space    used 7703K, capacity 8120K, committed 8124K, reserved 1048576K
Event: 22.739 GC heap after
Heap after GC invocations=12 (full 2):
 PSYoungGen      total 191488K, used 19352K [0x00000000e0000000, 0x00000000ed380000, 0x0000000100000000)
  eden space 171520K, 0% used [0x00000000e0000000,0x00000000e0000000,0x00000000ea780000)
  from space 19968K, 96% used [0x00000000ec000000,0x00000000ed2e6358,0x00000000ed380000)
  to   space 22528K, 0% used [0x00000000ea780000,0x00000000ea780000,0x00000000ebd80000)
 ParOldGen       total 101888K, used 28334K [0x00000000a0000000, 0x00000000a6380000, 0x00000000e0000000)
  object space 101888K, 27% used [0x00000000a0000000,0x00000000a1bab9c8,0x00000000a6380000)
 Metaspace       used 57137K, capacity 58862K, committed 59028K, reserved 1099776K
  class space    used 7703K, capacity 8120K, committed 8124K, reserved 1048576K
}
Event: 23.969 GC heap before
{Heap before GC invocations=13 (full 2):
 PSYoungGen      total 191488K, used 26478K [0x00000000e0000000, 0x00000000ed380000, 0x0000000100000000)
  eden space 171520K, 4% used [0x00000000e0000000,0x00000000e06f55d8,0x00000000ea780000)
  from space 19968K, 96% used [0x00000000ec000000,0x00000000ed2e6358,0x00000000ed380000)
  to   space 22528K, 0% used [0x00000000ea780000,0x00000000ea780000,0x00000000ebd80000)
 ParOldGen       total 101888K, used 28334K [0x00000000a0000000, 0x00000000a6380000, 0x00000000e0000000)
  object space 101888K, 27% used [0x00000000a0000000,0x00000000a1bab9c8,0x00000000a6380000)
 Metaspace       used 57271K, capacity 59002K, committed 59028K, reserved 1099776K
  class space    used 7724K, capacity 8124K, committed 8124K, reserved 1048576K
Event: 23.983 GC heap after
Heap after GC invocations=13 (full 2):
 PSYoungGen      total 194048K, used 16861K [0x00000000e0000000, 0x00000000ef380000, 0x0000000100000000)
  eden space 171520K, 0% used [0x00000000e0000000,0x00000000e0000000,0x00000000ea780000)
  from space 22528K, 74% used [0x00000000ea780000,0x00000000eb7f7540,0x00000000ebd80000)
  to   space 23552K, 0% used [0x00000000edc80000,0x00000000edc80000,0x00000000ef380000)
 ParOldGen       total 101888K, used 28342K [0x00000000a0000000, 0x00000000a6380000, 0x00000000e0000000)
  object space 101888K, 27% used [0x00000000a0000000,0x00000000a1bad9c8,0x00000000a6380000)
 Metaspace       used 57271K, capacity 59002K, committed 59028K, reserved 1099776K
  class space    used 7724K, capacity 8124K, committed 8124K, reserved 1048576K
}
Event: 23.983 GC heap before
{Heap before GC invocations=14 (full 3):
 PSYoungGen      total 194048K, used 16861K [0x00000000e0000000, 0x00000000ef380000, 0x0000000100000000)
  eden space 171520K, 0% used [0x00000000e0000000,0x00000000e0000000,0x00000000ea780000)
  from space 22528K, 74% used [0x00000000ea780000,0x00000000eb7f7540,0x00000000ebd80000)
  to   space 23552K, 0% used [0x00000000edc80000,0x00000000edc80000,0x00000000ef380000)
 ParOldGen       total 101888K, used 28342K [0x00000000a0000000, 0x00000000a6380000, 0x00000000e0000000)
  object space 101888K, 27% used [0x00000000a0000000,0x00000000a1bad9c8,0x00000000a6380000)
 Metaspace       used 57271K, capacity 59002K, committed 59028K, reserved 1099776K
  class space    used 7724K, capacity 8124K, committed 8124K, reserved 1048576K
Event: 24.145 GC heap after
Heap after GC invocations=14 (full 3):
 PSYoungGen      total 194048K, used 0K [0x00000000e0000000, 0x00000000ef380000, 0x0000000100000000)
  eden space 171520K, 0% used [0x00000000e0000000,0x00000000e0000000,0x00000000ea780000)
  from space 22528K, 0% used [0x00000000ea780000,0x00000000ea780000,0x00000000ebd80000)
  to   space 23552K, 0% used [0x00000000edc80000,0x00000000edc80000,0x00000000ef380000)
 ParOldGen       total 101888K, used 31788K [0x00000000a0000000, 0x00000000a6380000, 0x00000000e0000000)
  object space 101888K, 31% used [0x00000000a0000000,0x00000000a1f0b228,0x00000000a6380000)
 Metaspace       used 57264K, capacity 58992K, committed 59028K, reserved 1099776K
  class space    used 7722K, capacity 8119K, committed 8124K, reserved 1048576K
}

