# JRE version: OpenJDK Runtime Environment (8.0_152-b02) (build 1.8.0_152-release-1024-b02)
# Java VM: OpenJDK 64-Bit Server VM (25.152-b02 mixed mode windows-amd64 compressed oops)
Heap:
 PSYoungGen      total 143872K, used 58779K [0x00000000e0000000, 0x00000000eb580000, 0x0000000100000000)
  eden space 131584K, 35% used [0x00000000e0000000,0x00000000e2d69508,0x00000000e8080000)
  from space 12288K, 99% used [0x00000000ea980000,0x00000000eb57d8d0,0x00000000eb580000)
  to   space 9728K, 0% used [0x00000000e8080000,0x00000000e8080000,0x00000000e8a00000)
 ParOldGen       total 58880K, used 21228K [0x00000000a0000000, 0x00000000a3980000, 0x00000000e0000000)
  object space 58880K, 36% used [0x00000000a0000000,0x00000000a14bb318,0x00000000a3980000)
 Metaspace       used 47900K, capacity 49010K, committed 49368K, reserved 1091584K
  class space    used 6479K, capacity 6804K, committed 6912K, reserved 1048576K
GC Heap History (10 events):
Event: 2.777 GC heap before
{Heap before GC invocations=6 (full 1):
 PSYoungGen      total 71680K, used 5088K [0x00000000e0000000, 0x00000000e9600000, 0x0000000100000000)
  eden space 66560K, 0% used [0x00000000e0000000,0x00000000e0000000,0x00000000e4100000)
  from space 5120K, 99% used [0x00000000e4100000,0x00000000e45f8040,0x00000000e4600000)
  to   space 10240K, 0% used [0x00000000e8c00000,0x00000000e8c00000,0x00000000e9600000)
 ParOldGen       total 87552K, used 8621K [0x00000000a0000000, 0x00000000a5580000, 0x00000000e0000000)
  object space 87552K, 9% used [0x00000000a0000000,0x00000000a086b5c8,0x00000000a5580000)
 Metaspace       used 20827K, capacity 21212K, committed 21248K, reserved 1067008K
  class space    used 2906K, capacity 3042K, committed 3072K, reserved 1048576K
Event: 2.816 GC heap after
Heap after GC invocations=6 (full 1):
 PSYoungGen      total 71680K, used 0K [0x00000000e0000000, 0x00000000e9600000, 0x0000000100000000)
  eden space 66560K, 0% used [0x00000000e0000000,0x00000000e0000000,0x00000000e4100000)
  from space 5120K, 0% used [0x00000000e4100000,0x00000000e4100000,0x00000000e4600000)
  to   space 10240K, 0% used [0x00000000e8c00000,0x00000000e8c00000,0x00000000e9600000)
 ParOldGen       total 58880K, used 7989K [0x00000000a0000000, 0x00000000a3980000, 0x00000000e0000000)
  object space 58880K, 13% used [0x00000000a0000000,0x00000000a07cd450,0x00000000a3980000)
 Metaspace       used 20827K, capacity 21212K, committed 21248K, reserved 1067008K
  class space    used 2906K, capacity 3042K, committed 3072K, reserved 1048576K
}
Event: 4.131 GC heap before
{Heap before GC invocations=7 (full 1):
 PSYoungGen      total 71680K, used 66560K [0x00000000e0000000, 0x00000000e9600000, 0x0000000100000000)
  eden space 66560K, 100% used [0x00000000e0000000,0x00000000e4100000,0x00000000e4100000)
  from space 5120K, 0% used [0x00000000e4100000,0x00000000e4100000,0x00000000e4600000)
  to   space 10240K, 0% used [0x00000000e8c00000,0x00000000e8c00000,0x00000000e9600000)
 ParOldGen       total 58880K, used 7989K [0x00000000a0000000, 0x00000000a3980000, 0x00000000e0000000)
  object space 58880K, 13% used [0x00000000a0000000,0x00000000a07cd450,0x00000000a3980000)
 Metaspace       used 26636K, capacity 27068K, committed 27136K, reserved 1073152K
  class space    used 3676K, capacity 3833K, committed 3840K, reserved 1048576K
Event: 4.144 GC heap after
Heap after GC invocations=7 (full 1):
 PSYoungGen      total 112128K, used 7343K [0x00000000e0000000, 0x00000000e9380000, 0x0000000100000000)
  eden space 104448K, 0% used [0x00000000e0000000,0x00000000e0000000,0x00000000e6600000)
  from space 7680K, 95% used [0x00000000e8c00000,0x00000000e932bfb8,0x00000000e9380000)
  to   space 9728K, 0% used [0x00000000e8080000,0x00000000e8080000,0x00000000e8a00000)
 ParOldGen       total 58880K, used 7997K [0x00000000a0000000, 0x00000000a3980000, 0x00000000e0000000)
  object space 58880K, 13% used [0x00000000a0000000,0x00000000a07cf450,0x00000000a3980000)
 Metaspace       used 26636K, capacity 27068K, committed 27136K, reserved 1073152K
  class space    used 3676K, capacity 3833K, committed 3840K, reserved 1048576K
}
Event: 5.618 GC heap before
{Heap before GC invocations=8 (full 1):
 PSYoungGen      total 112128K, used 94593K [0x00000000e0000000, 0x00000000e9380000, 0x0000000100000000)
  eden space 104448K, 83% used [0x00000000e0000000,0x00000000e55346b0,0x00000000e6600000)
  from space 7680K, 95% used [0x00000000e8c00000,0x00000000e932bfb8,0x00000000e9380000)
  to   space 9728K, 0% used [0x00000000e8080000,0x00000000e8080000,0x00000000e8a00000)
 ParOldGen       total 58880K, used 7997K [0x00000000a0000000, 0x00000000a3980000, 0x00000000e0000000)
  object space 58880K, 13% used [0x00000000a0000000,0x00000000a07cf450,0x00000000a3980000)
 Metaspace       used 34612K, capacity 35130K, committed 35416K, reserved 1079296K
  class space    used 4778K, capacity 4971K, committed 4992K, reserved 1048576K
Event: 5.635 GC heap after
Heap after GC invocations=8 (full 1):
 PSYoungGen      total 141312K, used 9715K [0x00000000e0000000, 0x00000000eb580000, 0x0000000100000000)
  eden space 131584K, 0% used [0x00000000e0000000,0x00000000e0000000,0x00000000e8080000)
  from space 9728K, 99% used [0x00000000e8080000,0x00000000e89fcc80,0x00000000e8a00000)
  to   space 12288K, 0% used [0x00000000ea980000,0x00000000ea980000,0x00000000eb580000)
 ParOldGen       total 58880K, used 11065K [0x00000000a0000000, 0x00000000a3980000, 0x00000000e0000000)
  object space 58880K, 18% used [0x00000000a0000000,0x00000000a0ace580,0x00000000a3980000)
 Metaspace       used 34612K, capacity 35130K, committed 35416K, reserved 1079296K
  class space    used 4778K, capacity 4971K, committed 4992K, reserved 1048576K
}
Event: 5.635 GC heap before
{Heap before GC invocations=9 (full 2):
 PSYoungGen      total 141312K, used 9715K [0x00000000e0000000, 0x00000000eb580000, 0x0000000100000000)
  eden space 131584K, 0% used [0x00000000e0000000,0x00000000e0000000,0x00000000e8080000)
  from space 9728K, 99% used [0x00000000e8080000,0x00000000e89fcc80,0x00000000e8a00000)
  to   space 12288K, 0% used [0x00000000ea980000,0x00000000ea980000,0x00000000eb580000)
 ParOldGen       total 58880K, used 11065K [0x00000000a0000000, 0x00000000a3980000, 0x00000000e0000000)
  object space 58880K, 18% used [0x00000000a0000000,0x00000000a0ace580,0x00000000a3980000)
 Metaspace       used 34612K, capacity 35130K, committed 35416K, reserved 1079296K
  class space    used 4778K, capacity 4971K, committed 4992K, reserved 1048576K
Event: 5.711 GC heap after
Heap after GC invocations=9 (full 2):
 PSYoungGen      total 141312K, used 0K [0x00000000e0000000, 0x00000000eb580000, 0x0000000100000000)
  eden space 131584K, 0% used [0x00000000e0000000,0x00000000e0000000,0x00000000e8080000)
  from space 9728K, 0% used [0x00000000e8080000,0x00000000e8080000,0x00000000e8a00000)
  to   space 12288K, 0% used [0x00000000ea980000,0x00000000ea980000,0x00000000eb580000)
 ParOldGen       total 58880K, used 19169K [0x00000000a0000000, 0x00000000a3980000, 0x00000000e0000000)
  object space 58880K, 32% used [0x00000000a0000000,0x00000000a12b85a0,0x00000000a3980000)
 Metaspace       used 34612K, capacity 35130K, committed 35416K, reserved 1079296K
  class space    used 4778K, capacity 4971K, committed 4992K, reserved 1048576K
}
Event: 7.524 GC heap before
{Heap before GC invocations=10 (full 2):
 PSYoungGen      total 141312K, used 131584K [0x00000000e0000000, 0x00000000eb580000, 0x0000000100000000)
  eden space 131584K, 100% used [0x00000000e0000000,0x00000000e8080000,0x00000000e8080000)
  from space 9728K, 0% used [0x00000000e8080000,0x00000000e8080000,0x00000000e8a00000)
  to   space 12288K, 0% used [0x00000000ea980000,0x00000000ea980000,0x00000000eb580000)
 ParOldGen       total 58880K, used 19169K [0x00000000a0000000, 0x00000000a3980000, 0x00000000e0000000)
  object space 58880K, 32% used [0x00000000a0000000,0x00000000a12b85a0,0x00000000a3980000)
 Metaspace       used 43161K, capacity 43980K, committed 44120K, reserved 1087488K
  class space    used 5960K, capacity 6243K, committed 6272K, reserved 1048576K
Event: 7.545 GC heap after
Heap after GC invocations=10 (full 2):
 PSYoungGen      total 143872K, used 12278K [0x00000000e0000000, 0x00000000eb580000, 0x0000000100000000)
  eden space 131584K, 0% used [0x00000000e0000000,0x00000000e0000000,0x00000000e8080000)
  from space 12288K, 99% used [0x00000000ea980000,0x00000000eb57d8d0,0x00000000eb580000)
  to   space 9728K, 0% used [0x00000000e8080000,0x00000000e8080000,0x00000000e8a00000)
 ParOldGen       total 58880K, used 21228K [0x00000000a0000000, 0x00000000a3980000, 0x00000000e0000000)
  object space 58880K, 36% used [0x00000000a0000000,0x00000000a14bb318,0x00000000a3980000)
 Metaspace       used 43161K, capacity 43980K, committed 44120K, reserved 1087488K
  class space    used 5960K, capacity 6243K, committed 6272K, reserved 1048576K
}

