# JRE version: OpenJDK Runtime Environment (8.0_152-b02) (build 1.8.0_152-release-1024-b02)
# Java VM: OpenJDK 64-Bit Server VM (25.152-b02 mixed mode windows-amd64 compressed oops)
Heap:
 PSYoungGen      total 407040K, used 359777K [0x00000000e0000000, 0x00000000fe600000, 0x0000000100000000)
  eden space 332800K, 91% used [0x00000000e0000000,0x00000000f2927b40,0x00000000f4500000)
  from space 74240K, 74% used [0x00000000f4500000,0x00000000f7b30a48,0x00000000f8d80000)
  to   space 79872K, 0% used [0x00000000f9800000,0x00000000f9800000,0x00000000fe600000)
 ParOldGen       total 196608K, used 46620K [0x00000000a0000000, 0x00000000ac000000, 0x00000000e0000000)
  object space 196608K, 23% used [0x00000000a0000000,0x00000000a2d870a8,0x00000000ac000000)
 Metaspace       used 79908K, capacity 84896K, committed 85208K, reserved 1124352K
  class space    used 10054K, capacity 10921K, committed 11008K, reserved 1048576K
GC Heap History (10 events):
Event: 1251.271 GC heap before
{Heap before GC invocations=33 (full 4):
 PSYoungGen      total 390144K, used 367337K [0x00000000e0000000, 0x00000000fc500000, 0x0000000100000000)
  eden space 322560K, 100% used [0x00000000e0000000,0x00000000f3b00000,0x00000000f3b00000)
  from space 67584K, 66% used [0x00000000f8000000,0x00000000fabba518,0x00000000fc200000)
  to   space 70656K, 0% used [0x00000000f3b00000,0x00000000f3b00000,0x00000000f8000000)
 ParOldGen       total 196608K, used 46580K [0x00000000a0000000, 0x00000000ac000000, 0x00000000e0000000)
  object space 196608K, 23% used [0x00000000a0000000,0x00000000a2d7d0a8,0x00000000ac000000)
 Metaspace       used 78360K, capacity 82374K, committed 82648K, reserved 1122304K
  class space    used 9884K, capacity 10610K, committed 10752K, reserved 1048576K
Event: 1251.286 GC heap after
Heap after GC invocations=33 (full 4):
 PSYoungGen      total 393216K, used 30769K [0x00000000e0000000, 0x00000000fcd00000, 0x0000000100000000)
  eden space 322560K, 0% used [0x00000000e0000000,0x00000000e0000000,0x00000000f3b00000)
  from space 70656K, 43% used [0x00000000f3b00000,0x00000000f590c7f8,0x00000000f8000000)
  to   space 68096K, 0% used [0x00000000f8a80000,0x00000000f8a80000,0x00000000fcd00000)
 ParOldGen       total 196608K, used 46588K [0x00000000a0000000, 0x00000000ac000000, 0x00000000e0000000)
  object space 196608K, 23% used [0x00000000a0000000,0x00000000a2d7f0a8,0x00000000ac000000)
 Metaspace       used 78360K, capacity 82374K, committed 82648K, reserved 1122304K
  class space    used 9884K, capacity 10610K, committed 10752K, reserved 1048576K
}
Event: 1300.397 GC heap before
{Heap before GC invocations=34 (full 4):
 PSYoungGen      total 393216K, used 353329K [0x00000000e0000000, 0x00000000fcd00000, 0x0000000100000000)
  eden space 322560K, 100% used [0x00000000e0000000,0x00000000f3b00000,0x00000000f3b00000)
  from space 70656K, 43% used [0x00000000f3b00000,0x00000000f590c7f8,0x00000000f8000000)
  to   space 68096K, 0% used [0x00000000f8a80000,0x00000000f8a80000,0x00000000fcd00000)
 ParOldGen       total 196608K, used 46588K [0x00000000a0000000, 0x00000000ac000000, 0x00000000e0000000)
  object space 196608K, 23% used [0x00000000a0000000,0x00000000a2d7f0a8,0x00000000ac000000)
 Metaspace       used 78504K, capacity 82442K, committed 82904K, reserved 1122304K
  class space    used 9884K, capacity 10610K, committed 10752K, reserved 1048576K
Event: 1300.403 GC heap after
Heap after GC invocations=34 (full 4):
 PSYoungGen      total 395776K, used 12221K [0x00000000e0000000, 0x00000000fc780000, 0x0000000100000000)
  eden space 333312K, 0% used [0x00000000e0000000,0x00000000e0000000,0x00000000f4580000)
  from space 62464K, 19% used [0x00000000f8a80000,0x00000000f966f498,0x00000000fc780000)
  to   space 66560K, 0% used [0x00000000f4580000,0x00000000f4580000,0x00000000f8680000)
 ParOldGen       total 196608K, used 46596K [0x00000000a0000000, 0x00000000ac000000, 0x00000000e0000000)
  object space 196608K, 23% used [0x00000000a0000000,0x00000000a2d810a8,0x00000000ac000000)
 Metaspace       used 78504K, capacity 82442K, committed 82904K, reserved 1122304K
  class space    used 9884K, capacity 10610K, committed 10752K, reserved 1048576K
}
Event: 1431.955 GC heap before
{Heap before GC invocations=35 (full 4):
 PSYoungGen      total 395776K, used 345533K [0x00000000e0000000, 0x00000000fc780000, 0x0000000100000000)
  eden space 333312K, 100% used [0x00000000e0000000,0x00000000f4580000,0x00000000f4580000)
  from space 62464K, 19% used [0x00000000f8a80000,0x00000000f966f498,0x00000000fc780000)
  to   space 66560K, 0% used [0x00000000f4580000,0x00000000f4580000,0x00000000f8680000)
 ParOldGen       total 196608K, used 46596K [0x00000000a0000000, 0x00000000ac000000, 0x00000000e0000000)
  object space 196608K, 23% used [0x00000000a0000000,0x00000000a2d810a8,0x00000000ac000000)
 Metaspace       used 78706K, capacity 82654K, committed 83160K, reserved 1122304K
  class space    used 9885K, capacity 10612K, committed 10752K, reserved 1048576K
Event: 1431.962 GC heap after
Heap after GC invocations=35 (full 4):
 PSYoungGen      total 399872K, used 10048K [0x00000000e0000000, 0x00000000fcd00000, 0x0000000100000000)
  eden space 333312K, 0% used [0x00000000e0000000,0x00000000e0000000,0x00000000f4580000)
  from space 66560K, 15% used [0x00000000f4580000,0x00000000f4f500d0,0x00000000f8680000)
  to   space 65024K, 0% used [0x00000000f8d80000,0x00000000f8d80000,0x00000000fcd00000)
 ParOldGen       total 196608K, used 46604K [0x00000000a0000000, 0x00000000ac000000, 0x00000000e0000000)
  object space 196608K, 23% used [0x00000000a0000000,0x00000000a2d830a8,0x00000000ac000000)
 Metaspace       used 78706K, capacity 82654K, committed 83160K, reserved 1122304K
  class space    used 9885K, capacity 10612K, committed 10752K, reserved 1048576K
}
Event: 1483.750 GC heap before
{Heap before GC invocations=36 (full 4):
 PSYoungGen      total 399872K, used 343360K [0x00000000e0000000, 0x00000000fcd00000, 0x0000000100000000)
  eden space 333312K, 100% used [0x00000000e0000000,0x00000000f4580000,0x00000000f4580000)
  from space 66560K, 15% used [0x00000000f4580000,0x00000000f4f500d0,0x00000000f8680000)
  to   space 65024K, 0% used [0x00000000f8d80000,0x00000000f8d80000,0x00000000fcd00000)
 ParOldGen       total 196608K, used 46604K [0x00000000a0000000, 0x00000000ac000000, 0x00000000e0000000)
  object space 196608K, 23% used [0x00000000a0000000,0x00000000a2d830a8,0x00000000ac000000)
 Metaspace       used 79611K, capacity 84570K, committed 84696K, reserved 1122304K
  class space    used 10046K, capacity 10910K, committed 11008K, reserved 1048576K
Event: 1483.787 GC heap after
Heap after GC invocations=36 (full 4):
 PSYoungGen      total 397824K, used 59589K [0x00000000e0000000, 0x00000000fde00000, 0x0000000100000000)
  eden space 332800K, 0% used [0x00000000e0000000,0x00000000e0000000,0x00000000f4500000)
  from space 65024K, 91% used [0x00000000f8d80000,0x00000000fc7b1570,0x00000000fcd00000)
  to   space 74240K, 0% used [0x00000000f4500000,0x00000000f4500000,0x00000000f8d80000)
 ParOldGen       total 196608K, used 46612K [0x00000000a0000000, 0x00000000ac000000, 0x00000000e0000000)
  object space 196608K, 23% used [0x00000000a0000000,0x00000000a2d850a8,0x00000000ac000000)
 Metaspace       used 79611K, capacity 84570K, committed 84696K, reserved 1122304K
  class space    used 10046K, capacity 10910K, committed 11008K, reserved 1048576K
}
Event: 1777.172 GC heap before
{Heap before GC invocations=37 (full 4):
 PSYoungGen      total 397824K, used 392389K [0x00000000e0000000, 0x00000000fde00000, 0x0000000100000000)
  eden space 332800K, 100% used [0x00000000e0000000,0x00000000f4500000,0x00000000f4500000)
  from space 65024K, 91% used [0x00000000f8d80000,0x00000000fc7b1570,0x00000000fcd00000)
  to   space 74240K, 0% used [0x00000000f4500000,0x00000000f4500000,0x00000000f8d80000)
 ParOldGen       total 196608K, used 46612K [0x00000000a0000000, 0x00000000ac000000, 0x00000000e0000000)
  object space 196608K, 23% used [0x00000000a0000000,0x00000000a2d850a8,0x00000000ac000000)
 Metaspace       used 79752K, capacity 84764K, committed 84952K, reserved 1124352K
  class space    used 10053K, capacity 10921K, committed 11008K, reserved 1048576K
Event: 1777.206 GC heap after
Heap after GC invocations=37 (full 4):
 PSYoungGen      total 407040K, used 55490K [0x00000000e0000000, 0x00000000fe600000, 0x0000000100000000)
  eden space 332800K, 0% used [0x00000000e0000000,0x00000000e0000000,0x00000000f4500000)
  from space 74240K, 74% used [0x00000000f4500000,0x00000000f7b30a48,0x00000000f8d80000)
  to   space 79872K, 0% used [0x00000000f9800000,0x00000000f9800000,0x00000000fe600000)
 ParOldGen       total 196608K, used 46620K [0x00000000a0000000, 0x00000000ac000000, 0x00000000e0000000)
  object space 196608K, 23% used [0x00000000a0000000,0x00000000a2d870a8,0x00000000ac000000)
 Metaspace       used 79752K, capacity 84764K, committed 84952K, reserved 1124352K
  class space    used 10053K, capacity 10921K, committed 11008K, reserved 1048576K
}

