# JRE version: OpenJDK Runtime Environment (8.0_152-b02) (build 1.8.0_152-release-1024-b02)
# Java VM: OpenJDK 64-Bit Server VM (25.152-b02 mixed mode windows-amd64 compressed oops)
Heap:
 PSYoungGen      total 310784K, used 269486K [0x00000000e0000000, 0x00000000fa680000, 0x0000000100000000)
  eden space 287744K, 87% used [0x00000000e0000000,0x00000000ef68ffb0,0x00000000f1900000)
  from space 23040K, 74% used [0x00000000f1900000,0x00000000f29dd010,0x00000000f2f80000)
  to   space 23552K, 0% used [0x00000000f8f80000,0x00000000f8f80000,0x00000000fa680000)
 ParOldGen       total 158208K, used 45005K [0x00000000a0000000, 0x00000000a9a80000, 0x00000000e0000000)
  object space 158208K, 28% used [0x00000000a0000000,0x00000000a2bf3700,0x00000000a9a80000)
 Metaspace       used 63701K, capacity 66330K, committed 66520K, reserved 1105920K
  class space    used 8570K, capacity 9106K, committed 9216K, reserved 1048576K
GC Heap History (10 events):
Event: 9.090 GC heap before
{Heap before GC invocations=14 (full 3):
 PSYoungGen      total 208896K, used 188928K [0x00000000e0000000, 0x00000000ee700000, 0x0000000100000000)
  eden space 188928K, 100% used [0x00000000e0000000,0x00000000eb880000,0x00000000eb880000)
  from space 19968K, 0% used [0x00000000ece00000,0x00000000ece00000,0x00000000ee180000)
  to   space 22016K, 0% used [0x00000000eb880000,0x00000000eb880000,0x00000000ece00000)
 ParOldGen       total 158208K, used 44965K [0x00000000a0000000, 0x00000000a9a80000, 0x00000000e0000000)
  object space 158208K, 28% used [0x00000000a0000000,0x00000000a2be9700,0x00000000a9a80000)
 Metaspace       used 62634K, capacity 65236K, committed 65368K, reserved 1105920K
  class space    used 8497K, capacity 9021K, committed 9088K, reserved 1048576K
Event: 9.105 GC heap after
Heap after GC invocations=14 (full 3):
 PSYoungGen      total 210944K, used 10756K [0x00000000e0000000, 0x00000000f0600000, 0x0000000100000000)
  eden space 188928K, 0% used [0x00000000e0000000,0x00000000e0000000,0x00000000eb880000)
  from space 22016K, 48% used [0x00000000eb880000,0x00000000ec301298,0x00000000ece00000)
  to   space 20480K, 0% used [0x00000000ef200000,0x00000000ef200000,0x00000000f0600000)
 ParOldGen       total 158208K, used 44973K [0x00000000a0000000, 0x00000000a9a80000, 0x00000000e0000000)
  object space 158208K, 28% used [0x00000000a0000000,0x00000000a2beb700,0x00000000a9a80000)
 Metaspace       used 62634K, capacity 65236K, committed 65368K, reserved 1105920K
  class space    used 8497K, capacity 9021K, committed 9088K, reserved 1048576K
}
Event: 9.511 GC heap before
{Heap before GC invocations=15 (full 3):
 PSYoungGen      total 210944K, used 199684K [0x00000000e0000000, 0x00000000f0600000, 0x0000000100000000)
  eden space 188928K, 100% used [0x00000000e0000000,0x00000000eb880000,0x00000000eb880000)
  from space 22016K, 48% used [0x00000000eb880000,0x00000000ec301298,0x00000000ece00000)
  to   space 20480K, 0% used [0x00000000ef200000,0x00000000ef200000,0x00000000f0600000)
 ParOldGen       total 158208K, used 44973K [0x00000000a0000000, 0x00000000a9a80000, 0x00000000e0000000)
  object space 158208K, 28% used [0x00000000a0000000,0x00000000a2beb700,0x00000000a9a80000)
 Metaspace       used 62993K, capacity 65608K, committed 65752K, reserved 1105920K
  class space    used 8549K, capacity 9105K, committed 9216K, reserved 1048576K
Event: 9.525 GC heap after
Heap after GC invocations=15 (full 3):
 PSYoungGen      total 247296K, used 14673K [0x00000000e0000000, 0x00000000f0e80000, 0x0000000100000000)
  eden space 226816K, 0% used [0x00000000e0000000,0x00000000e0000000,0x00000000edd80000)
  from space 20480K, 71% used [0x00000000ef200000,0x00000000f0054650,0x00000000f0600000)
  to   space 20992K, 0% used [0x00000000edd80000,0x00000000edd80000,0x00000000ef200000)
 ParOldGen       total 158208K, used 44981K [0x00000000a0000000, 0x00000000a9a80000, 0x00000000e0000000)
  object space 158208K, 28% used [0x00000000a0000000,0x00000000a2bed700,0x00000000a9a80000)
 Metaspace       used 62993K, capacity 65608K, committed 65752K, reserved 1105920K
  class space    used 8549K, capacity 9105K, committed 9216K, reserved 1048576K
}
Event: 9.972 GC heap before
{Heap before GC invocations=16 (full 3):
 PSYoungGen      total 247296K, used 241489K [0x00000000e0000000, 0x00000000f0e80000, 0x0000000100000000)
  eden space 226816K, 100% used [0x00000000e0000000,0x00000000edd80000,0x00000000edd80000)
  from space 20480K, 71% used [0x00000000ef200000,0x00000000f0054650,0x00000000f0600000)
  to   space 20992K, 0% used [0x00000000edd80000,0x00000000edd80000,0x00000000ef200000)
 ParOldGen       total 158208K, used 44981K [0x00000000a0000000, 0x00000000a9a80000, 0x00000000e0000000)
  object space 158208K, 28% used [0x00000000a0000000,0x00000000a2bed700,0x00000000a9a80000)
 Metaspace       used 63175K, capacity 65752K, committed 66008K, reserved 1105920K
  class space    used 8557K, capacity 9105K, committed 9216K, reserved 1048576K
Event: 9.990 GC heap after
Heap after GC invocations=16 (full 3):
 PSYoungGen      total 247808K, used 15388K [0x00000000e0000000, 0x00000000f4500000, 0x0000000100000000)
  eden space 226816K, 0% used [0x00000000e0000000,0x00000000e0000000,0x00000000edd80000)
  from space 20992K, 73% used [0x00000000edd80000,0x00000000eec87110,0x00000000ef200000)
  to   space 22016K, 0% used [0x00000000f2f80000,0x00000000f2f80000,0x00000000f4500000)
 ParOldGen       total 158208K, used 44989K [0x00000000a0000000, 0x00000000a9a80000, 0x00000000e0000000)
  object space 158208K, 28% used [0x00000000a0000000,0x00000000a2bef700,0x00000000a9a80000)
 Metaspace       used 63175K, capacity 65752K, committed 66008K, reserved 1105920K
  class space    used 8557K, capacity 9105K, committed 9216K, reserved 1048576K
}
Event: 10.261 GC heap before
{Heap before GC invocations=17 (full 3):
 PSYoungGen      total 247808K, used 242204K [0x00000000e0000000, 0x00000000f4500000, 0x0000000100000000)
  eden space 226816K, 100% used [0x00000000e0000000,0x00000000edd80000,0x00000000edd80000)
  from space 20992K, 73% used [0x00000000edd80000,0x00000000eec87110,0x00000000ef200000)
  to   space 22016K, 0% used [0x00000000f2f80000,0x00000000f2f80000,0x00000000f4500000)
 ParOldGen       total 158208K, used 44989K [0x00000000a0000000, 0x00000000a9a80000, 0x00000000e0000000)
  object space 158208K, 28% used [0x00000000a0000000,0x00000000a2bef700,0x00000000a9a80000)
 Metaspace       used 63190K, capacity 65816K, committed 66008K, reserved 1105920K
  class space    used 8559K, capacity 9105K, committed 9216K, reserved 1048576K
Event: 10.280 GC heap after
Heap after GC invocations=17 (full 3):
 PSYoungGen      total 309760K, used 17089K [0x00000000e0000000, 0x00000000f5380000, 0x0000000100000000)
  eden space 287744K, 0% used [0x00000000e0000000,0x00000000e0000000,0x00000000f1900000)
  from space 22016K, 77% used [0x00000000f2f80000,0x00000000f4030718,0x00000000f4500000)
  to   space 23040K, 0% used [0x00000000f1900000,0x00000000f1900000,0x00000000f2f80000)
 ParOldGen       total 158208K, used 44997K [0x00000000a0000000, 0x00000000a9a80000, 0x00000000e0000000)
  object space 158208K, 28% used [0x00000000a0000000,0x00000000a2bf1700,0x00000000a9a80000)
 Metaspace       used 63190K, capacity 65816K, committed 66008K, reserved 1105920K
  class space    used 8559K, capacity 9105K, committed 9216K, reserved 1048576K
}
Event: 10.726 GC heap before
{Heap before GC invocations=18 (full 3):
 PSYoungGen      total 309760K, used 304833K [0x00000000e0000000, 0x00000000f5380000, 0x0000000100000000)
  eden space 287744K, 100% used [0x00000000e0000000,0x00000000f1900000,0x00000000f1900000)
  from space 22016K, 77% used [0x00000000f2f80000,0x00000000f4030718,0x00000000f4500000)
  to   space 23040K, 0% used [0x00000000f1900000,0x00000000f1900000,0x00000000f2f80000)
 ParOldGen       total 158208K, used 44997K [0x00000000a0000000, 0x00000000a9a80000, 0x00000000e0000000)
  object space 158208K, 28% used [0x00000000a0000000,0x00000000a2bf1700,0x00000000a9a80000)
 Metaspace       used 63305K, capacity 65956K, committed 66264K, reserved 1105920K
  class space    used 8559K, capacity 9105K, committed 9216K, reserved 1048576K
Event: 10.748 GC heap after
Heap after GC invocations=18 (full 3):
 PSYoungGen      total 310784K, used 17268K [0x00000000e0000000, 0x00000000fa680000, 0x0000000100000000)
  eden space 287744K, 0% used [0x00000000e0000000,0x00000000e0000000,0x00000000f1900000)
  from space 23040K, 74% used [0x00000000f1900000,0x00000000f29dd010,0x00000000f2f80000)
  to   space 23552K, 0% used [0x00000000f8f80000,0x00000000f8f80000,0x00000000fa680000)
 ParOldGen       total 158208K, used 45005K [0x00000000a0000000, 0x00000000a9a80000, 0x00000000e0000000)
  object space 158208K, 28% used [0x00000000a0000000,0x00000000a2bf3700,0x00000000a9a80000)
 Metaspace       used 63305K, capacity 65956K, committed 66264K, reserved 1105920K
  class space    used 8559K, capacity 9105K, committed 9216K, reserved 1048576K
}

